<?xml version="1.0" encoding="UTF-8"?>
<!-- Generated by org.testng.reporters.JUnitReportReporter -->
<testsuite hostname="IN-2XLTZD3" failures="0" tests="1" name="testCases.TC_HomePageTest" time="1.682" errors="0" timestamp="2023-05-10T10:44:42 IST" skipped="0">
  <testcase classname="testCases.TC_HomePageTest" name="Homepage" time="1.682"/>
  <system-out/>
</testsuite> <!-- testCases.TC_HomePageTest -->
