<?xml version="1.0" encoding="UTF-8"?>
<!-- Generated by org.testng.reporters.JUnitReportReporter -->
<testsuite hostname="IN-2XLTZD3" failures="0" tests="1" name="testCases.TC_TestCase_01" time="11.072" errors="0" timestamp="2023-01-23T11:08:50 IST" skipped="0">
  <testcase classname="testCases.TC_TestCase_01" name="testcase" time="11.072"/>
  <system-out/>
</testsuite> <!-- testCases.TC_TestCase_01 -->
