<?xml version="1.0" encoding="UTF-8"?>
<!-- Generated by org.testng.reporters.JUnitReportReporter -->
<testsuite hostname="IN-2XLTZD3" failures="0" tests="1" name="testCases.TC_BookingPageTest" time="8.178" errors="0" timestamp="2023-07-21T16:43:14 IST" skipped="0">
  <testcase classname="testCases.TC_BookingPageTest" name="Homepage" time="8.178"/>
  <system-out/>
</testsuite> <!-- testCases.TC_BookingPageTest -->
