<?xml version="1.0" encoding="UTF-8"?>
<!-- Generated by org.testng.reporters.JUnitReportReporter -->
<testsuite hostname="IN-2XLTZD3" failures="0" tests="1" name="testCases.TC_ItemChooseTest" time="6.208" errors="0" timestamp="2023-04-14T15:02:12 IST" skipped="0">
  <testcase classname="testCases.TC_ItemChooseTest" name="itemtchoose" time="6.208"/>
  <system-out/>
</testsuite> <!-- testCases.TC_ItemChooseTest -->
