<?xml version="1.0" encoding="UTF-8"?>
<!-- Generated by org.testng.reporters.JUnitReportReporter -->
<testsuite hostname="IN-2XLTZD3" failures="0" tests="1" name="testCases.TC_DynamicDataTest" time="28.019" errors="0" timestamp="2023-01-25T18:18:31 IST" skipped="0">
  <testcase classname="testCases.TC_DynamicDataTest" name="dynamicdata" time="28.019"/>
  <system-out/>
</testsuite> <!-- testCases.TC_DynamicDataTest -->
