<?xml version="1.0" encoding="UTF-8"?>
<!-- Generated by org.testng.reporters.JUnitReportReporter -->
<testsuite hostname="IN-2XLTZD3" failures="0" tests="1" name="testCases.TC_LoginTest" time="11.731" errors="0" timestamp="2023-01-25T18:18:31 IST" skipped="0">
  <testcase classname="testCases.TC_LoginTest" name="login" time="11.731"/>
  <system-out/>
</testsuite> <!-- testCases.TC_LoginTest -->
